<?xml version="1.0" encoding="UTF-8"?>
<testsuite name="com.umbrella.project_umbrella.service.CommentServiceTest" tests="1" skipped="0" failures="0" errors="0" timestamp="2023-03-29T18:57:39" hostname="DESKTOP-5SB8NK2" time="0.264">
  <properties/>
  <testcase name="saveTest()" classname="com.umbrella.project_umbrella.service.CommentServiceTest" time="0.264"/>
  <system-out><![CDATA[03:57:36.093 [Test worker] DEBUG org.springframework.test.context.BootstrapUtils - Instantiating CacheAwareContextLoaderDelegate from class [org.springframework.test.context.cache.DefaultCacheAwareContextLoaderDelegate]
03:57:36.100 [Test worker] DEBUG org.springframework.test.context.BootstrapUtils - Instantiating BootstrapContext using constructor [public org.springframework.test.context.support.DefaultBootstrapContext(java.lang.Class,org.springframework.test.context.CacheAwareContextLoaderDelegate)]
03:57:36.124 [Test worker] DEBUG org.springframework.test.context.BootstrapUtils - Instantiating TestContextBootstrapper for test class [com.umbrella.project_umbrella.service.CommentServiceTest] from class [org.springframework.boot.test.context.SpringBootTestContextBootstrapper]
03:57:36.131 [Test worker] INFO org.springframework.boot.test.context.SpringBootTestContextBootstrapper - Neither @ContextConfiguration nor @ContextHierarchy found for test class [com.umbrella.project_umbrella.service.CommentServiceTest], using SpringBootContextLoader
03:57:36.134 [Test worker] DEBUG org.springframework.test.context.support.AbstractContextLoader - Did not detect default resource location for test class [com.umbrella.project_umbrella.service.CommentServiceTest]: class path resource [com/umbrella/project_umbrella/service/CommentServiceTest-context.xml] does not exist
03:57:36.134 [Test worker] DEBUG org.springframework.test.context.support.AbstractContextLoader - Did not detect default resource location for test class [com.umbrella.project_umbrella.service.CommentServiceTest]: class path resource [com/umbrella/project_umbrella/service/CommentServiceTestContext.groovy] does not exist
03:57:36.134 [Test worker] INFO org.springframework.test.context.support.AbstractContextLoader - Could not detect default resource locations for test class [com.umbrella.project_umbrella.service.CommentServiceTest]: no resource found for suffixes {-context.xml, Context.groovy}.
03:57:36.135 [Test worker] INFO org.springframework.test.context.support.AnnotationConfigContextLoaderUtils - Could not detect default configuration classes for test class [com.umbrella.project_umbrella.service.CommentServiceTest]: CommentServiceTest does not declare any static, non-private, non-final, nested classes annotated with @Configuration.
03:57:36.164 [Test worker] DEBUG org.springframework.test.context.support.ActiveProfilesUtils - Could not find an 'annotation declaring class' for annotation type [org.springframework.test.context.ActiveProfiles] and class [com.umbrella.project_umbrella.service.CommentServiceTest]
03:57:36.207 [Test worker] DEBUG org.springframework.context.annotation.ClassPathScanningCandidateComponentProvider - Identified candidate component class: file [C:\Spring\Project_Umbrella_main_before\build\classes\java\main\com\umbrella\project_umbrella\ProjectUmbrellaApplication.class]
03:57:36.208 [Test worker] INFO org.springframework.boot.test.context.SpringBootTestContextBootstrapper - Found @SpringBootConfiguration com.umbrella.project_umbrella.ProjectUmbrellaApplication for test class com.umbrella.project_umbrella.service.CommentServiceTest
03:57:36.268 [Test worker] DEBUG org.springframework.boot.test.context.SpringBootTestContextBootstrapper - @TestExecutionListeners is not present for class [com.umbrella.project_umbrella.service.CommentServiceTest]: using defaults.
03:57:36.269 [Test worker] INFO org.springframework.boot.test.context.SpringBootTestContextBootstrapper - Loaded default TestExecutionListener class names from location [META-INF/spring.factories]: [org.springframework.security.test.context.support.WithSecurityContextTestExecutionListener, org.springframework.security.test.context.support.ReactorContextTestExecutionListener, org.springframework.boot.test.autoconfigure.restdocs.RestDocsTestExecutionListener, org.springframework.boot.test.autoconfigure.web.client.MockRestServiceServerResetTestExecutionListener, org.springframework.boot.test.autoconfigure.web.servlet.MockMvcPrintOnlyOnFailureTestExecutionListener, org.springframework.boot.test.autoconfigure.web.servlet.WebDriverTestExecutionListener, org.springframework.boot.test.autoconfigure.webservices.client.MockWebServiceServerTestExecutionListener, org.springframework.boot.test.mock.mockito.MockitoTestExecutionListener, org.springframework.boot.test.mock.mockito.ResetMocksTestExecutionListener, org.springframework.test.context.web.ServletTestExecutionListener, org.springframework.test.context.support.DirtiesContextBeforeModesTestExecutionListener, org.springframework.test.context.event.ApplicationEventsTestExecutionListener, org.springframework.test.context.support.DependencyInjectionTestExecutionListener, org.springframework.test.context.support.DirtiesContextTestExecutionListener, org.springframework.test.context.transaction.TransactionalTestExecutionListener, org.springframework.test.context.jdbc.SqlScriptsTestExecutionListener, org.springframework.test.context.event.EventPublishingTestExecutionListener]
03:57:36.281 [Test worker] INFO org.springframework.boot.test.context.SpringBootTestContextBootstrapper - Using TestExecutionListeners: [org.springframework.test.context.web.ServletTestExecutionListener@6b5966e1, org.springframework.test.context.support.DirtiesContextBeforeModesTestExecutionListener@65e61854, org.springframework.test.context.event.ApplicationEventsTestExecutionListener@1568159, org.springframework.boot.test.mock.mockito.MockitoTestExecutionListener@4fcee388, org.springframework.boot.test.autoconfigure.SpringBootDependencyInjectionTestExecutionListener@6f80fafe, org.springframework.test.context.support.DirtiesContextTestExecutionListener@3af17be2, org.springframework.test.context.transaction.TransactionalTestExecutionListener@f9879ac, org.springframework.test.context.jdbc.SqlScriptsTestExecutionListener@37f21974, org.springframework.security.test.context.support.WithSecurityContextTestExecutionListener@5f4d427e, org.springframework.test.context.event.EventPublishingTestExecutionListener@6e521c1e, org.springframework.security.test.context.support.ReactorContextTestExecutionListener@224b4d61, org.springframework.boot.test.autoconfigure.restdocs.RestDocsTestExecutionListener@5d5d9e5, org.springframework.boot.test.autoconfigure.web.client.MockRestServiceServerResetTestExecutionListener@303e3593, org.springframework.boot.test.autoconfigure.web.servlet.MockMvcPrintOnlyOnFailureTestExecutionListener@4ef27d66, org.springframework.boot.test.autoconfigure.web.servlet.WebDriverTestExecutionListener@362a019c, org.springframework.boot.test.autoconfigure.webservices.client.MockWebServiceServerTestExecutionListener@1d9bec4d, org.springframework.boot.test.mock.mockito.ResetMocksTestExecutionListener@5c48c0c0]
03:57:36.284 [Test worker] DEBUG org.springframework.test.context.support.AbstractDirtiesContextTestExecutionListener - Before test class: context [DefaultTestContext@64bc21ac testClass = CommentServiceTest, testInstance = [null], testMethod = [null], testException = [null], mergedContextConfiguration = [WebMergedContextConfiguration@493dfb8e testClass = CommentServiceTest, locations = '{}', classes = '{class com.umbrella.project_umbrella.ProjectUmbrellaApplication}', contextInitializerClasses = '[]', activeProfiles = '{}', propertySourceLocations = '{}', propertySourceProperties = '{org.springframework.boot.test.context.SpringBootTestContextBootstrapper=true}', contextCustomizers = set[org.springframework.boot.test.autoconfigure.actuate.metrics.MetricsExportContextCustomizerFactory$DisableMetricExportContextCustomizer@43f82e78, org.springframework.boot.test.autoconfigure.properties.PropertyMappingContextCustomizer@0, org.springframework.boot.test.autoconfigure.web.servlet.WebDriverContextCustomizerFactory$Customizer@62727399, org.springframework.boot.test.context.filter.ExcludeFilterContextCustomizer@687ef2e0, org.springframework.boot.test.json.DuplicateJsonObjectContextCustomizerFactory$DuplicateJsonObjectContextCustomizer@736caf7a, org.springframework.boot.test.mock.mockito.MockitoContextCustomizer@0, org.springframework.boot.test.web.client.TestRestTemplateContextCustomizer@66565121, org.springframework.boot.test.context.SpringBootTestArgs@1, org.springframework.boot.test.context.SpringBootTestWebEnvironment@1b2abca6], resourceBasePath = 'src/main/webapp', contextLoader = 'org.springframework.boot.test.context.SpringBootContextLoader', parent = [null]], attributes = map['org.springframework.test.context.web.ServletTestExecutionListener.activateListener' -> true]], class annotated with @DirtiesContext [false] with mode [null].

  .   ____          _            __ _ _
 /\\ / ___'_ __ _ _(_)_ __  __ _ \ \ \ \
( ( )\___ | '_ | '_| | '_ \/ _` | \ \ \ \
 \\/  ___)| |_)| | | | | || (_| |  ) ) ) )
  '  |____| .__|_| |_|_| |_\__, | / / / /
 =========|_|==============|___/=/_/_/_/
 :: Spring Boot ::                (v2.7.7)

2023-03-30 03:57:36.554  INFO 15564 --- [    Test worker] c.u.p.service.CommentServiceTest         : Starting CommentServiceTest using Java 20 on DESKTOP-5SB8NK2 with PID 15564 (started by PC in C:\Spring\Project_Umbrella_main_before)
2023-03-30 03:57:36.555  INFO 15564 --- [    Test worker] c.u.p.service.CommentServiceTest         : No active profile set, falling back to 1 default profile: "default"
2023-03-30 03:57:37.112  INFO 15564 --- [    Test worker] .s.d.r.c.RepositoryConfigurationDelegate : Bootstrapping Spring Data JPA repositories in DEFAULT mode.
2023-03-30 03:57:37.173  INFO 15564 --- [    Test worker] .s.d.r.c.RepositoryConfigurationDelegate : Finished Spring Data repository scanning in 49 ms. Found 3 JPA repository interfaces.
2023-03-30 03:57:37.582  INFO 15564 --- [    Test worker] o.hibernate.jpa.internal.util.LogHelper  : HHH000204: Processing PersistenceUnitInfo [name: default]
2023-03-30 03:57:37.627  INFO 15564 --- [    Test worker] org.hibernate.Version                    : HHH000412: Hibernate ORM core version 5.6.14.Final
2023-03-30 03:57:37.784  INFO 15564 --- [    Test worker] o.hibernate.annotations.common.Version   : HCANN000001: Hibernate Commons Annotations {5.1.2.Final}
2023-03-30 03:57:37.864  INFO 15564 --- [    Test worker] com.zaxxer.hikari.HikariDataSource       : HikariPool-1 - Starting...
2023-03-30 03:57:37.935  INFO 15564 --- [    Test worker] com.zaxxer.hikari.HikariDataSource       : HikariPool-1 - Start completed.
2023-03-30 03:57:37.957  INFO 15564 --- [    Test worker] org.hibernate.dialect.Dialect            : HHH000400: Using dialect: org.hibernate.dialect.H2Dialect
Hibernate: drop table if exists comment CASCADE 
Hibernate: drop table if exists post CASCADE 
Hibernate: drop table if exists user CASCADE 
Hibernate: drop sequence if exists hibernate_sequence
Hibernate: create sequence hibernate_sequence start with 1 increment by 1
Hibernate: create table comment (id bigint generated by default as identity, content TEXT not null, create_date varchar(255), modified_date varchar(255), posts_id bigint, user_id bigint, primary key (id))
Hibernate: create table post (id bigint generated by default as identity, content TEXT not null, title varchar(500) not null, writer varchar(255), user_id bigint, primary key (id))
Hibernate: create table user (id bigint not null, age integer not null, email varchar(255) not null, m_name varchar(255) not null, nick_name varchar(255) not null, password varchar(255) not null, refresh_token varchar(100), role varchar(255), primary key (id))
Hibernate: alter table user add constraint UK_ob8kqyqqgmefl0aco34akdtpe unique (email)
Hibernate: alter table comment add constraint FKnc3not052xesl2nhj9ndnb5dk foreign key (posts_id) references post
Hibernate: alter table comment add constraint FK8kcum44fvpupyw6f5baccx25c foreign key (user_id) references user
Hibernate: alter table post add constraint FK72mt33dhhs48hf9gcqrq4fxte foreign key (user_id) references user
2023-03-30 03:57:38.458  INFO 15564 --- [    Test worker] o.h.e.t.j.p.i.JtaPlatformInitiator       : HHH000490: Using JtaPlatform implementation: [org.hibernate.engine.transaction.jta.platform.internal.NoJtaPlatform]
2023-03-30 03:57:38.468  INFO 15564 --- [    Test worker] j.LocalContainerEntityManagerFactoryBean : Initialized JPA EntityManagerFactory for persistence unit 'default'
2023-03-30 03:57:39.084  WARN 15564 --- [    Test worker] JpaBaseConfiguration$JpaWebConfiguration : spring.jpa.open-in-view is enabled by default. Therefore, database queries may be performed during view rendering. Explicitly configure spring.jpa.open-in-view to disable this warning
2023-03-30 03:57:39.625  INFO 15564 --- [    Test worker] c.u.p.service.CommentServiceTest         : Started CommentServiceTest in 3.318 seconds (JVM running for 4.135)
2023-03-30 03:57:39.655  INFO 15564 --- [    Test worker] o.s.t.c.transaction.TransactionContext   : Began transaction (1) for test context [DefaultTestContext@64bc21ac testClass = CommentServiceTest, testInstance = com.umbrella.project_umbrella.service.CommentServiceTest@7ca0b05e, testMethod = saveTest@CommentServiceTest, testException = [null], mergedContextConfiguration = [WebMergedContextConfiguration@493dfb8e testClass = CommentServiceTest, locations = '{}', classes = '{class com.umbrella.project_umbrella.ProjectUmbrellaApplication}', contextInitializerClasses = '[]', activeProfiles = '{}', propertySourceLocations = '{}', propertySourceProperties = '{org.springframework.boot.test.context.SpringBootTestContextBootstrapper=true}', contextCustomizers = set[org.springframework.boot.test.autoconfigure.actuate.metrics.MetricsExportContextCustomizerFactory$DisableMetricExportContextCustomizer@43f82e78, org.springframework.boot.test.autoconfigure.properties.PropertyMappingContextCustomizer@0, org.springframework.boot.test.autoconfigure.web.servlet.WebDriverContextCustomizerFactory$Customizer@62727399, org.springframework.boot.test.context.filter.ExcludeFilterContextCustomizer@687ef2e0, org.springframework.boot.test.json.DuplicateJsonObjectContextCustomizerFactory$DuplicateJsonObjectContextCustomizer@736caf7a, org.springframework.boot.test.mock.mockito.MockitoContextCustomizer@0, org.springframework.boot.test.web.client.TestRestTemplateContextCustomizer@66565121, org.springframework.boot.test.context.SpringBootTestArgs@1, org.springframework.boot.test.context.SpringBootTestWebEnvironment@1b2abca6], resourceBasePath = 'src/main/webapp', contextLoader = 'org.springframework.boot.test.context.SpringBootContextLoader', parent = [null]], attributes = map['org.springframework.test.context.web.ServletTestExecutionListener.activateListener' -> true, 'org.springframework.test.context.web.ServletTestExecutionListener.populatedRequestContextHolder' -> true, 'org.springframework.test.context.web.ServletTestExecutionListener.resetRequestContextHolder' -> true, 'org.springframework.test.context.event.ApplicationEventsTestExecutionListener.recordApplicationEvents' -> false]]; transaction manager [org.springframework.orm.jpa.JpaTransactionManager@70dd79f7]; rollback [false]
Hibernate: call next value for hibernate_sequence
Hibernate: insert into user (age, email, m_name, nick_name, password, refresh_token, role, id) values (?, ?, ?, ?, ?, ?, ?, ?)
Hibernate: insert into post (id, content, title, user_id, writer) values (default, ?, ?, ?, ?)
Hibernate: insert into post (id, content, title, user_id, writer) values (default, ?, ?, ?, ?)
Hibernate: select user0_.id as id1_2_, user0_.age as age2_2_, user0_.email as email3_2_, user0_.m_name as m_name4_2_, user0_.nick_name as nick_nam5_2_, user0_.password as password6_2_, user0_.refresh_token as refresh_7_2_, user0_.role as role8_2_ from user user0_ where user0_.nick_name=?
Hibernate: insert into comment (id, content, create_date, modified_date, posts_id, user_id) values (default, ?, ?, ?, ?, ?)
Hibernate: select comment0_.id as id1_0_, comment0_.content as content2_0_, comment0_.create_date as create_d3_0_, comment0_.modified_date as modified4_0_, comment0_.posts_id as posts_id5_0_, comment0_.user_id as user_id6_0_ from comment comment0_ left outer join post post1_ on comment0_.posts_id=post1_.id where post1_.id=? order by comment0_.create_date asc limit ?
Hibernate: select user0_.id as id1_2_, user0_.age as age2_2_, user0_.email as email3_2_, user0_.m_name as m_name4_2_, user0_.nick_name as nick_nam5_2_, user0_.password as password6_2_, user0_.refresh_token as refresh_7_2_, user0_.role as role8_2_ from user user0_ where user0_.nick_name=?
Hibernate: insert into comment (id, content, create_date, modified_date, posts_id, user_id) values (default, ?, ?, ?, ?, ?)
Hibernate: select comment0_.id as id1_0_, comment0_.content as content2_0_, comment0_.create_date as create_d3_0_, comment0_.modified_date as modified4_0_, comment0_.posts_id as posts_id5_0_, comment0_.user_id as user_id6_0_ from comment comment0_ left outer join post post1_ on comment0_.posts_id=post1_.id where post1_.id=? order by comment0_.create_date asc limit ?
Hibernate: delete from comment where id=?
Hibernate: select comment0_.id as id1_0_, comment0_.content as content2_0_, comment0_.create_date as create_d3_0_, comment0_.modified_date as modified4_0_, comment0_.posts_id as posts_id5_0_, comment0_.user_id as user_id6_0_ from comment comment0_ left outer join post post1_ on comment0_.posts_id=post1_.id where post1_.id=? order by comment0_.create_date asc limit ?
---------------------------------------
CommentResponseDto(id=2, content=ss, createdDate=null, nickname=Nick)
2023-03-30 03:57:39.905  INFO 15564 --- [    Test worker] o.s.t.c.transaction.TransactionContext   : Committed transaction for test: [DefaultTestContext@64bc21ac testClass = CommentServiceTest, testInstance = com.umbrella.project_umbrella.service.CommentServiceTest@7ca0b05e, testMethod = saveTest@CommentServiceTest, testException = [null], mergedContextConfiguration = [WebMergedContextConfiguration@493dfb8e testClass = CommentServiceTest, locations = '{}', classes = '{class com.umbrella.project_umbrella.ProjectUmbrellaApplication}', contextInitializerClasses = '[]', activeProfiles = '{}', propertySourceLocations = '{}', propertySourceProperties = '{org.springframework.boot.test.context.SpringBootTestContextBootstrapper=true}', contextCustomizers = set[org.springframework.boot.test.autoconfigure.actuate.metrics.MetricsExportContextCustomizerFactory$DisableMetricExportContextCustomizer@43f82e78, org.springframework.boot.test.autoconfigure.properties.PropertyMappingContextCustomizer@0, org.springframework.boot.test.autoconfigure.web.servlet.WebDriverContextCustomizerFactory$Customizer@62727399, org.springframework.boot.test.context.filter.ExcludeFilterContextCustomizer@687ef2e0, org.springframework.boot.test.json.DuplicateJsonObjectContextCustomizerFactory$DuplicateJsonObjectContextCustomizer@736caf7a, org.springframework.boot.test.mock.mockito.MockitoContextCustomizer@0, org.springframework.boot.test.web.client.TestRestTemplateContextCustomizer@66565121, org.springframework.boot.test.context.SpringBootTestArgs@1, org.springframework.boot.test.context.SpringBootTestWebEnvironment@1b2abca6], resourceBasePath = 'src/main/webapp', contextLoader = 'org.springframework.boot.test.context.SpringBootContextLoader', parent = [null]], attributes = map['org.springframework.test.context.web.ServletTestExecutionListener.activateListener' -> true, 'org.springframework.test.context.web.ServletTestExecutionListener.populatedRequestContextHolder' -> true, 'org.springframework.test.context.web.ServletTestExecutionListener.resetRequestContextHolder' -> true, 'org.springframework.test.context.event.ApplicationEventsTestExecutionListener.recordApplicationEvents' -> false]]
]]></system-out>
  <system-err><![CDATA[]]></system-err>
</testsuite>
